This file contains any messages produced by compilers while
running configure, to aid debugging if configure makes a mistake.

It was created by configure, which was
generated by GNU Autoconf 2.59.  Invocation command line was

  $ /home/xiaoxi/rjsupplicant_research/pcap//configure --enable-ipv6 CFLAGS=-g -ggdb3 -fPIC

## --------- ##
## Platform. ##
## --------- ##

hostname = localhost
uname -m = x86_64
uname -r = 6.12.25-amd64
uname -s = Linux
uname -v = #1 SMP PREEMPT_DYNAMIC Debian 6.12.25-1 (2025-04-25)

/usr/bin/uname -p = unknown
/bin/uname -X     = unknown

/bin/arch              = x86_64
/usr/bin/arch -k       = unknown
/usr/convex/getsysinfo = unknown
hostinfo               = unknown
/bin/machine           = unknown
/usr/bin/oslevel       = unknown
/bin/universe          = unknown

PATH: /usr/bin
PATH: /usr
PATH: /usr/local/bin
PATH: /bin
PATH: /usr/local/games
PATH: /usr/games


## ----------- ##
## Core tests. ##
## ----------- ##

configure:1345: checking build system type
configure:1363: result: x86_64-unknown-linux-gnu
configure:1371: checking host system type
configure:1385: result: x86_64-unknown-linux-gnu
configure:1393: checking target system type
configure:1407: result: x86_64-unknown-linux-gnu
configure:1537: checking for gcc
configure:1553: found /usr/bin/gcc
configure:1563: result: gcc
configure:1807: checking for C compiler version
configure:1810: gcc --version </dev/null >&5
gcc (Debian 14.2.0-19) 14.2.0
Copyright (C) 2024 Free Software Foundation, Inc.
This is free software; see the source for copying conditions.  There is NO
warranty; not even for MERCHANTABILITY or FITNESS FOR A PARTICULAR PURPOSE.

configure:1813: $? = 0
configure:1815: gcc -v </dev/null >&5
Using built-in specs.
COLLECT_GCC=gcc
COLLECT_LTO_WRAPPER=/usr/libexec/gcc/x86_64-linux-gnu/14/lto-wrapper
OFFLOAD_TARGET_NAMES=nvptx-none:amdgcn-amdhsa
OFFLOAD_TARGET_DEFAULT=1
Target: x86_64-linux-gnu
Configured with: ../src/configure -v --with-pkgversion='Debian 14.2.0-19' --with-bugurl=file:///usr/share/doc/gcc-14/README.Bugs --enable-languages=c,ada,c++,go,d,fortran,objc,obj-c++,m2,rust --prefix=/usr --with-gcc-major-version-only --program-suffix=-14 --program-prefix=x86_64-linux-gnu- --enable-shared --enable-linker-build-id --libexecdir=/usr/libexec --without-included-gettext --enable-threads=posix --libdir=/usr/lib --enable-nls --enable-bootstrap --enable-clocale=gnu --enable-libstdcxx-debug --enable-libstdcxx-time=yes --with-default-libstdcxx-abi=new --enable-libstdcxx-backtrace --enable-gnu-unique-object --disable-vtable-verify --enable-plugin --enable-default-pie --with-system-zlib --enable-libphobos-checking=release --with-target-system-zlib=auto --enable-objc-gc=auto --enable-multiarch --disable-werror --enable-cet --with-arch-32=i686 --with-abi=m64 --with-multilib-list=m32,m64,mx32 --enable-multilib --with-tune=generic --enable-offload-targets=nvptx-none=/build/reproducible-path/gcc-14-14.2.0/debian/tmp-nvptx/usr,amdgcn-amdhsa=/build/reproducible-path/gcc-14-14.2.0/debian/tmp-gcn/usr --enable-offload-defaulted --without-cuda-driver --enable-checking=release --build=x86_64-linux-gnu --host=x86_64-linux-gnu --target=x86_64-linux-gnu --with-build-config=bootstrap-lto-lean --enable-link-serialization=3
Thread model: posix
Supported LTO compression algorithms: zlib zstd
gcc version 14.2.0 (Debian 14.2.0-19) 
configure:1818: $? = 0
configure:1820: gcc -V </dev/null >&5
gcc: error: unrecognized command-line option '-V'
gcc: fatal error: no input files
compilation terminated.
configure:1823: $? = 1
configure:1846: checking for C compiler default output file name
configure:1849: gcc -g -ggdb3 -fPIC   conftest.c  >&5
configure:1852: $? = 0
configure:1898: result: a.out
configure:1903: checking whether the C compiler works
configure:1909: ./a.out
configure:1912: $? = 0
configure:1929: result: yes
configure:1936: checking whether we are cross compiling
configure:1938: result: no
configure:1941: checking for suffix of executables
configure:1943: gcc -o conftest -g -ggdb3 -fPIC   conftest.c  >&5
configure:1946: $? = 0
configure:1971: result: 
configure:1977: checking for suffix of object files
configure:1998: gcc -c -g -ggdb3 -fPIC  conftest.c >&5
configure:2001: $? = 0
configure:2023: result: o
configure:2027: checking whether we are using the GNU C compiler
configure:2051: gcc -c -g -ggdb3 -fPIC  conftest.c >&5
configure:2057: $? = 0
configure:2061: test -z 
			 || test ! -s conftest.err
configure:2064: $? = 0
configure:2067: test -s conftest.o
configure:2070: $? = 0
configure:2083: result: yes
configure:2089: checking whether gcc accepts -g
configure:2110: gcc -c -g  conftest.c >&5
configure:2116: $? = 0
configure:2120: test -z 
			 || test ! -s conftest.err
configure:2123: $? = 0
configure:2126: test -s conftest.o
configure:2129: $? = 0
configure:2140: result: yes
configure:2157: checking for gcc option to accept ANSI C
configure:2227: gcc  -c -g -ggdb3 -fPIC  conftest.c >&5
configure:2233: $? = 0
configure:2237: test -z 
			 || test ! -s conftest.err
configure:2240: $? = 0
configure:2243: test -s conftest.o
configure:2246: $? = 0
configure:2264: result: none needed
configure:2282: gcc -c -g -ggdb3 -fPIC  conftest.c >&5
conftest.c:2:3: error: unknown type name 'choke'
    2 |   choke me
      |   ^~~~~
conftest.c:2:3: error: expected '=', ',', ';', 'asm' or '__attribute__' at end of input
configure:2288: $? = 1
configure: failed program was:
| #ifndef __cplusplus
|   choke me
| #endif
configure:2426: checking gcc version
configure:2438: result: 14
configure:2660: checking for inline
configure:2701: gcc -c   conftest.c >&5
configure:2707: $? = 0
configure:2711: test -z 
			 || test ! -s conftest.err
configure:2714: $? = 0
configure:2717: test -s conftest.o
configure:2720: $? = 0
configure:2740: result: inline
configure:2752: checking for __attribute__
configure:2783: gcc -c -g -ggdb3 -fPIC  conftest.c >&5
configure:2789: $? = 0
configure:2793: test -z 
			 || test ! -s conftest.err
configure:2796: $? = 0
configure:2799: test -s conftest.o
configure:2802: $? = 0
configure:2824: result: yes
configure:2828: checking for u_int8_t using gcc
configure:2855: gcc -c -g -ggdb3 -fPIC  conftest.c >&5
configure:2861: $? = 0
configure:2865: test -z 
			 || test ! -s conftest.err
configure:2868: $? = 0
configure:2871: test -s conftest.o
configure:2874: $? = 0
configure:2886: result: yes
configure:2895: checking for u_int16_t using gcc
configure:2922: gcc -c -g -ggdb3 -fPIC  conftest.c >&5
configure:2928: $? = 0
configure:2932: test -z 
			 || test ! -s conftest.err
configure:2935: $? = 0
configure:2938: test -s conftest.o
configure:2941: $? = 0
configure:2953: result: yes
configure:2962: checking for u_int32_t using gcc
configure:2989: gcc -c -g -ggdb3 -fPIC  conftest.c >&5
configure:2995: $? = 0
configure:2999: test -z 
			 || test ! -s conftest.err
configure:3002: $? = 0
configure:3005: test -s conftest.o
configure:3008: $? = 0
configure:3020: result: yes
configure:3035: checking how to run the C preprocessor
configure:3070: gcc -E  conftest.c
configure:3076: $? = 0
configure:3108: gcc -E  conftest.c
conftest.c:11:10: fatal error: ac_nonexistent.h: No such file or directory
   11 | #include <ac_nonexistent.h>
      |          ^~~~~~~~~~~~~~~~~~
compilation terminated.
configure:3114: $? = 1
configure: failed program was:
| /* confdefs.h.  */
| 
| #define PACKAGE_NAME ""
| #define PACKAGE_TARNAME ""
| #define PACKAGE_VERSION ""
| #define PACKAGE_STRING ""
| #define PACKAGE_BUGREPORT ""
| #define inline inline
| #define HAVE___ATTRIBUTE__ 1
| /* end confdefs.h.  */
| #include <ac_nonexistent.h>
configure:3153: result: gcc -E
configure:3177: gcc -E  conftest.c
configure:3183: $? = 0
configure:3215: gcc -E  conftest.c
conftest.c:11:10: fatal error: ac_nonexistent.h: No such file or directory
   11 | #include <ac_nonexistent.h>
      |          ^~~~~~~~~~~~~~~~~~
compilation terminated.
configure:3221: $? = 1
configure: failed program was:
| /* confdefs.h.  */
| 
| #define PACKAGE_NAME ""
| #define PACKAGE_TARNAME ""
| #define PACKAGE_VERSION ""
| #define PACKAGE_STRING ""
| #define PACKAGE_BUGREPORT ""
| #define inline inline
| #define HAVE___ATTRIBUTE__ 1
| /* end confdefs.h.  */
| #include <ac_nonexistent.h>
configure:3265: checking for egrep
configure:3275: result: grep -E
configure:3280: checking for ANSI C header files
configure:3305: gcc -c -g -ggdb3 -fPIC  conftest.c >&5
configure:3311: $? = 0
configure:3315: test -z 
			 || test ! -s conftest.err
configure:3318: $? = 0
configure:3321: test -s conftest.o
configure:3324: $? = 0
configure:3413: gcc -o conftest -g -ggdb3 -fPIC   conftest.c  >&5
conftest.c: In function 'main':
conftest.c:28:7: error: implicit declaration of function 'exit' [-Wimplicit-function-declaration]
   28 |       exit(2);
      |       ^~~~
conftest.c:12:1: note: include '<stdlib.h>' or provide a declaration of 'exit'
   11 | #include <ctype.h>
  +++ |+#include <stdlib.h>
   12 | #if ((' ' & 0x0FF) == 0x020)
conftest.c:28:7: warning: incompatible implicit declaration of built-in function 'exit' [-Wbuiltin-declaration-mismatch]
   28 |       exit(2);
      |       ^~~~
conftest.c:28:7: note: include '<stdlib.h>' or provide a declaration of 'exit'
conftest.c:29:3: warning: incompatible implicit declaration of built-in function 'exit' [-Wbuiltin-declaration-mismatch]
   29 |   exit (0);
      |   ^~~~
conftest.c:29:3: note: include '<stdlib.h>' or provide a declaration of 'exit'
configure:3416: $? = 1
configure: program exited with status 1
configure: failed program was:
| /* confdefs.h.  */
| 
| #define PACKAGE_NAME ""
| #define PACKAGE_TARNAME ""
| #define PACKAGE_VERSION ""
| #define PACKAGE_STRING ""
| #define PACKAGE_BUGREPORT ""
| #define inline inline
| #define HAVE___ATTRIBUTE__ 1
| /* end confdefs.h.  */
| #include <ctype.h>
| #if ((' ' & 0x0FF) == 0x020)
| # define ISLOWER(c) ('a' <= (c) && (c) <= 'z')
| # define TOUPPER(c) (ISLOWER(c) ? 'A' + ((c) - 'a') : (c))
| #else
| # define ISLOWER(c) 		   (('a' <= (c) && (c) <= 'i') 		     || ('j' <= (c) && (c) <= 'r') 		     || ('s' <= (c) && (c) <= 'z'))
| # define TOUPPER(c) (ISLOWER(c) ? ((c) | 0x40) : (c))
| #endif
| 
| #define XOR(e, f) (((e) && !(f)) || (!(e) && (f)))
| int
| main ()
| {
|   int i;
|   for (i = 0; i < 256; i++)
|     if (XOR (islower (i), ISLOWER (i))
| 	|| toupper (i) != TOUPPER (i))
|       exit(2);
|   exit (0);
| }
configure:3436: result: no
configure:3460: checking for sys/types.h
configure:3476: gcc -c -g -ggdb3 -fPIC  conftest.c >&5
configure:3482: $? = 0
configure:3486: test -z 
			 || test ! -s conftest.err
configure:3489: $? = 0
configure:3492: test -s conftest.o
configure:3495: $? = 0
configure:3506: result: yes
configure:3460: checking for sys/stat.h
configure:3476: gcc -c -g -ggdb3 -fPIC  conftest.c >&5
configure:3482: $? = 0
configure:3486: test -z 
			 || test ! -s conftest.err
configure:3489: $? = 0
configure:3492: test -s conftest.o
configure:3495: $? = 0
configure:3506: result: yes
configure:3460: checking for stdlib.h
configure:3476: gcc -c -g -ggdb3 -fPIC  conftest.c >&5
configure:3482: $? = 0
configure:3486: test -z 
			 || test ! -s conftest.err
configure:3489: $? = 0
configure:3492: test -s conftest.o
configure:3495: $? = 0
configure:3506: result: yes
configure:3460: checking for string.h
configure:3476: gcc -c -g -ggdb3 -fPIC  conftest.c >&5
configure:3482: $? = 0
configure:3486: test -z 
			 || test ! -s conftest.err
configure:3489: $? = 0
configure:3492: test -s conftest.o
configure:3495: $? = 0
configure:3506: result: yes
configure:3460: checking for memory.h
configure:3476: gcc -c -g -ggdb3 -fPIC  conftest.c >&5
configure:3482: $? = 0
configure:3486: test -z 
			 || test ! -s conftest.err
configure:3489: $? = 0
configure:3492: test -s conftest.o
configure:3495: $? = 0
configure:3506: result: yes
configure:3460: checking for strings.h
configure:3476: gcc -c -g -ggdb3 -fPIC  conftest.c >&5
configure:3482: $? = 0
configure:3486: test -z 
			 || test ! -s conftest.err
configure:3489: $? = 0
configure:3492: test -s conftest.o
configure:3495: $? = 0
configure:3506: result: yes
configure:3460: checking for inttypes.h
configure:3476: gcc -c -g -ggdb3 -fPIC  conftest.c >&5
configure:3482: $? = 0
configure:3486: test -z 
			 || test ! -s conftest.err
configure:3489: $? = 0
configure:3492: test -s conftest.o
configure:3495: $? = 0
configure:3506: result: yes
configure:3460: checking for stdint.h
configure:3476: gcc -c -g -ggdb3 -fPIC  conftest.c >&5
configure:3482: $? = 0
configure:3486: test -z 
			 || test ! -s conftest.err
configure:3489: $? = 0
configure:3492: test -s conftest.o
configure:3495: $? = 0
configure:3506: result: yes
configure:3460: checking for unistd.h
configure:3476: gcc -c -g -ggdb3 -fPIC  conftest.c >&5
configure:3482: $? = 0
configure:3486: test -z 
			 || test ! -s conftest.err
configure:3489: $? = 0
configure:3492: test -s conftest.o
configure:3495: $? = 0
configure:3506: result: yes
configure:3534: checking sys/ioccom.h usability
configure:3546: gcc -c -g -ggdb3 -fPIC  conftest.c >&5
conftest.c:54:10: fatal error: sys/ioccom.h: No such file or directory
   54 | #include <sys/ioccom.h>
      |          ^~~~~~~~~~~~~~
compilation terminated.
configure:3552: $? = 1
configure: failed program was:
| /* confdefs.h.  */
| 
| #define PACKAGE_NAME ""
| #define PACKAGE_TARNAME ""
| #define PACKAGE_VERSION ""
| #define PACKAGE_STRING ""
| #define PACKAGE_BUGREPORT ""
| #define inline inline
| #define HAVE___ATTRIBUTE__ 1
| #define HAVE_SYS_TYPES_H 1
| #define HAVE_SYS_STAT_H 1
| #define HAVE_STDLIB_H 1
| #define HAVE_STRING_H 1
| #define HAVE_MEMORY_H 1
| #define HAVE_STRINGS_H 1
| #define HAVE_INTTYPES_H 1
| #define HAVE_STDINT_H 1
| #define HAVE_UNISTD_H 1
| /* end confdefs.h.  */
| #include <stdio.h>
| #if HAVE_SYS_TYPES_H
| # include <sys/types.h>
| #endif
| #if HAVE_SYS_STAT_H
| # include <sys/stat.h>
| #endif
| #if STDC_HEADERS
| # include <stdlib.h>
| # include <stddef.h>
| #else
| # if HAVE_STDLIB_H
| #  include <stdlib.h>
| # endif
| #endif
| #if HAVE_STRING_H
| # if !STDC_HEADERS && HAVE_MEMORY_H
| #  include <memory.h>
| # endif
| # include <string.h>
| #endif
| #if HAVE_STRINGS_H
| # include <strings.h>
| #endif
| #if HAVE_INTTYPES_H
| # include <inttypes.h>
| #else
| # if HAVE_STDINT_H
| #  include <stdint.h>
| # endif
| #endif
| #if HAVE_UNISTD_H
| # include <unistd.h>
| #endif
| #include <sys/ioccom.h>
configure:3575: result: no
configure:3579: checking sys/ioccom.h presence
configure:3589: gcc -E  conftest.c
conftest.c:20:10: fatal error: sys/ioccom.h: No such file or directory
   20 | #include <sys/ioccom.h>
      |          ^~~~~~~~~~~~~~
compilation terminated.
configure:3595: $? = 1
configure: failed program was:
| /* confdefs.h.  */
| 
| #define PACKAGE_NAME ""
| #define PACKAGE_TARNAME ""
| #define PACKAGE_VERSION ""
| #define PACKAGE_STRING ""
| #define PACKAGE_BUGREPORT ""
| #define inline inline
| #define HAVE___ATTRIBUTE__ 1
| #define HAVE_SYS_TYPES_H 1
| #define HAVE_SYS_STAT_H 1
| #define HAVE_STDLIB_H 1
| #define HAVE_STRING_H 1
| #define HAVE_MEMORY_H 1
| #define HAVE_STRINGS_H 1
| #define HAVE_INTTYPES_H 1
| #define HAVE_STDINT_H 1
| #define HAVE_UNISTD_H 1
| /* end confdefs.h.  */
| #include <sys/ioccom.h>
configure:3615: result: no
configure:3650: checking for sys/ioccom.h
configure:3657: result: no
configure:3534: checking sys/sockio.h usability
configure:3546: gcc -c -g -ggdb3 -fPIC  conftest.c >&5
conftest.c:54:10: fatal error: sys/sockio.h: No such file or directory
   54 | #include <sys/sockio.h>
      |          ^~~~~~~~~~~~~~
compilation terminated.
configure:3552: $? = 1
configure: failed program was:
| /* confdefs.h.  */
| 
| #define PACKAGE_NAME ""
| #define PACKAGE_TARNAME ""
| #define PACKAGE_VERSION ""
| #define PACKAGE_STRING ""
| #define PACKAGE_BUGREPORT ""
| #define inline inline
| #define HAVE___ATTRIBUTE__ 1
| #define HAVE_SYS_TYPES_H 1
| #define HAVE_SYS_STAT_H 1
| #define HAVE_STDLIB_H 1
| #define HAVE_STRING_H 1
| #define HAVE_MEMORY_H 1
| #define HAVE_STRINGS_H 1
| #define HAVE_INTTYPES_H 1
| #define HAVE_STDINT_H 1
| #define HAVE_UNISTD_H 1
| /* end confdefs.h.  */
| #include <stdio.h>
| #if HAVE_SYS_TYPES_H
| # include <sys/types.h>
| #endif
| #if HAVE_SYS_STAT_H
| # include <sys/stat.h>
| #endif
| #if STDC_HEADERS
| # include <stdlib.h>
| # include <stddef.h>
| #else
| # if HAVE_STDLIB_H
| #  include <stdlib.h>
| # endif
| #endif
| #if HAVE_STRING_H
| # if !STDC_HEADERS && HAVE_MEMORY_H
| #  include <memory.h>
| # endif
| # include <string.h>
| #endif
| #if HAVE_STRINGS_H
| # include <strings.h>
| #endif
| #if HAVE_INTTYPES_H
| # include <inttypes.h>
| #else
| # if HAVE_STDINT_H
| #  include <stdint.h>
| # endif
| #endif
| #if HAVE_UNISTD_H
| # include <unistd.h>
| #endif
| #include <sys/sockio.h>
configure:3575: result: no
configure:3579: checking sys/sockio.h presence
configure:3589: gcc -E  conftest.c
conftest.c:20:10: fatal error: sys/sockio.h: No such file or directory
   20 | #include <sys/sockio.h>
      |          ^~~~~~~~~~~~~~
compilation terminated.
configure:3595: $? = 1
configure: failed program was:
| /* confdefs.h.  */
| 
| #define PACKAGE_NAME ""
| #define PACKAGE_TARNAME ""
| #define PACKAGE_VERSION ""
| #define PACKAGE_STRING ""
| #define PACKAGE_BUGREPORT ""
| #define inline inline
| #define HAVE___ATTRIBUTE__ 1
| #define HAVE_SYS_TYPES_H 1
| #define HAVE_SYS_STAT_H 1
| #define HAVE_STDLIB_H 1
| #define HAVE_STRING_H 1
| #define HAVE_MEMORY_H 1
| #define HAVE_STRINGS_H 1
| #define HAVE_INTTYPES_H 1
| #define HAVE_STDINT_H 1
| #define HAVE_UNISTD_H 1
| /* end confdefs.h.  */
| #include <sys/sockio.h>
configure:3615: result: no
configure:3650: checking for sys/sockio.h
configure:3657: result: no
configure:3534: checking limits.h usability
configure:3546: gcc -c -g -ggdb3 -fPIC  conftest.c >&5
configure:3552: $? = 0
configure:3556: test -z 
			 || test ! -s conftest.err
configure:3559: $? = 0
configure:3562: test -s conftest.o
configure:3565: $? = 0
configure:3575: result: yes
configure:3579: checking limits.h presence
configure:3589: gcc -E  conftest.c
configure:3595: $? = 0
configure:3615: result: yes
configure:3650: checking for limits.h
configure:3657: result: yes
configure:3674: checking for netinet/if_ether.h
configure:3691: gcc -c -g -ggdb3 -fPIC  conftest.c >&5
configure:3697: $? = 0
configure:3701: test -z 
			 || test ! -s conftest.err
configure:3704: $? = 0
configure:3707: test -s conftest.o
configure:3710: $? = 0
configure:3721: result: yes
configure:3812: checking for ANSI ioctl definitions
configure:3845: gcc -c -g -ggdb3 -fPIC  conftest.c >&5
configure:3851: $? = 0
configure:3855: test -z 
			 || test ! -s conftest.err
configure:3858: $? = 0
configure:3861: test -s conftest.o
configure:3864: $? = 0
configure:3876: result: yes
configure:3892: checking for strerror
configure:3949: gcc -o conftest -g -ggdb3 -fPIC   conftest.c  >&5
configure:3955: $? = 0
configure:3959: test -z 
			 || test ! -s conftest.err
configure:3962: $? = 0
configure:3965: test -s conftest
configure:3968: $? = 0
configure:3980: result: yes
configure:3892: checking for strlcpy
configure:3949: gcc -o conftest -g -ggdb3 -fPIC   conftest.c  >&5
configure:3955: $? = 0
configure:3959: test -z 
			 || test ! -s conftest.err
configure:3962: $? = 0
configure:3965: test -s conftest
configure:3968: $? = 0
configure:3980: result: yes
configure:3997: checking for vsnprintf
configure:4054: gcc -o conftest -g -ggdb3 -fPIC   conftest.c  >&5
conftest.c:48:6: warning: conflicting types for built-in function 'vsnprintf'; expected 'int(char *, long unsigned int,  const char *, __va_list_tag *)' [-Wbuiltin-declaration-mismatch]
   48 | char vsnprintf ();
      |      ^~~~~~~~~
conftest.c:35:1: note: 'vsnprintf' is declared in header '<stdio.h>'
   34 | # include <limits.h>
   35 | #else
configure:4060: $? = 0
configure:4064: test -z 
			 || test ! -s conftest.err
configure:4067: $? = 0
configure:4070: test -s conftest
configure:4073: $? = 0
configure:4085: result: yes
configure:3997: checking for snprintf
configure:4054: gcc -o conftest -g -ggdb3 -fPIC   conftest.c  >&5
conftest.c:49:6: warning: conflicting types for built-in function 'snprintf'; expected 'int(char *, long unsigned int,  const char *, ...)' [-Wbuiltin-declaration-mismatch]
   49 | char snprintf ();
      |      ^~~~~~~~
conftest.c:36:1: note: 'snprintf' is declared in header '<stdio.h>'
   35 | # include <limits.h>
   36 | #else
configure:4060: $? = 0
configure:4064: test -z 
			 || test ! -s conftest.err
configure:4067: $? = 0
configure:4070: test -s conftest
configure:4073: $? = 0
configure:4085: result: yes
configure:4117: checking for library containing gethostbyname
configure:4147: gcc -o conftest -g -ggdb3 -fPIC   conftest.c  >&5
configure:4153: $? = 0
configure:4157: test -z 
			 || test ! -s conftest.err
configure:4160: $? = 0
configure:4163: test -s conftest
configure:4166: $? = 0
configure:4236: result: none required
configure:4316: checking for library containing socket
configure:4346: gcc -o conftest -g -ggdb3 -fPIC   conftest.c  >&5
configure:4352: $? = 0
configure:4356: test -z 
			 || test ! -s conftest.err
configure:4359: $? = 0
configure:4362: test -s conftest
configure:4365: $? = 0
configure:4435: result: none required
configure:4512: checking for library containing putmsg
configure:4542: gcc -o conftest -g -ggdb3 -fPIC   conftest.c  >&5
/usr/bin/ld: /tmp/ccy5TpI3.o: in function `main':
/home/xiaoxi/rjsupplicant_research/pcap/conftest.c:37:(.text+0xa): undefined reference to `putmsg'
collect2: error: ld returned 1 exit status
configure:4548: $? = 1
configure: failed program was:
| /* confdefs.h.  */
| 
| #define PACKAGE_NAME ""
| #define PACKAGE_TARNAME ""
| #define PACKAGE_VERSION ""
| #define PACKAGE_STRING ""
| #define PACKAGE_BUGREPORT ""
| #define inline inline
| #define HAVE___ATTRIBUTE__ 1
| #define HAVE_SYS_TYPES_H 1
| #define HAVE_SYS_STAT_H 1
| #define HAVE_STDLIB_H 1
| #define HAVE_STRING_H 1
| #define HAVE_MEMORY_H 1
| #define HAVE_STRINGS_H 1
| #define HAVE_INTTYPES_H 1
| #define HAVE_STDINT_H 1
| #define HAVE_UNISTD_H 1
| #define HAVE_LIMITS_H 1
| #define HAVE_NETINET_IF_ETHER_H 1
| #define HAVE_STRERROR 1
| #define HAVE_STRLCPY 1
| #define HAVE_VSNPRINTF 1
| #define HAVE_SNPRINTF 1
| /* end confdefs.h.  */
| 
| /* Override any gcc2 internal prototype to avoid an error.  */
| #ifdef __cplusplus
| extern "C"
| #endif
| /* We use char because int might match the return type of a gcc2
|    builtin and then its argument prototype would still apply.  */
| char putmsg ();
| int
| main ()
| {
| putmsg ();
|   ;
|   return 0;
| }
configure:4597: gcc -o conftest -g -ggdb3 -fPIC   conftest.c -lstr   >&5
/usr/bin/ld: cannot find -lstr: No such file or directory
collect2: error: ld returned 1 exit status
configure:4603: $? = 1
configure: failed program was:
| /* confdefs.h.  */
| 
| #define PACKAGE_NAME ""
| #define PACKAGE_TARNAME ""
| #define PACKAGE_VERSION ""
| #define PACKAGE_STRING ""
| #define PACKAGE_BUGREPORT ""
| #define inline inline
| #define HAVE___ATTRIBUTE__ 1
| #define HAVE_SYS_TYPES_H 1
| #define HAVE_SYS_STAT_H 1
| #define HAVE_STDLIB_H 1
| #define HAVE_STRING_H 1
| #define HAVE_MEMORY_H 1
| #define HAVE_STRINGS_H 1
| #define HAVE_INTTYPES_H 1
| #define HAVE_STDINT_H 1
| #define HAVE_UNISTD_H 1
| #define HAVE_LIMITS_H 1
| #define HAVE_NETINET_IF_ETHER_H 1
| #define HAVE_STRERROR 1
| #define HAVE_STRLCPY 1
| #define HAVE_VSNPRINTF 1
| #define HAVE_SNPRINTF 1
| /* end confdefs.h.  */
| 
| /* Override any gcc2 internal prototype to avoid an error.  */
| #ifdef __cplusplus
| extern "C"
| #endif
| /* We use char because int might match the return type of a gcc2
|    builtin and then its argument prototype would still apply.  */
| char putmsg ();
| int
| main ()
| {
| putmsg ();
|   ;
|   return 0;
| }
configure:4631: result: no
configure:4655: checking for ether_hostton
configure:4712: gcc -o conftest -g -ggdb3 -fPIC   conftest.c  >&5
configure:4718: $? = 0
configure:4722: test -z 
			 || test ! -s conftest.err
configure:4725: $? = 0
configure:4728: test -s conftest
configure:4731: $? = 0
configure:4743: result: yes
configure:4761: checking whether ether_hostton is declared
configure:4795: gcc -c -g -ggdb3 -fPIC  conftest.c >&5
conftest.c: In function 'main':
conftest.c:42:22: error: 'ether_hostton' undeclared (first use in this function)
   42 |   char *p = (char *) ether_hostton;
      |                      ^~~~~~~~~~~~~
conftest.c:42:22: note: each undeclared identifier is reported only once for each function it appears in
configure:4801: $? = 1
configure: failed program was:
| /* confdefs.h.  */
| 
| #define PACKAGE_NAME ""
| #define PACKAGE_TARNAME ""
| #define PACKAGE_VERSION ""
| #define PACKAGE_STRING ""
| #define PACKAGE_BUGREPORT ""
| #define inline inline
| #define HAVE___ATTRIBUTE__ 1
| #define HAVE_SYS_TYPES_H 1
| #define HAVE_SYS_STAT_H 1
| #define HAVE_STDLIB_H 1
| #define HAVE_STRING_H 1
| #define HAVE_MEMORY_H 1
| #define HAVE_STRINGS_H 1
| #define HAVE_INTTYPES_H 1
| #define HAVE_STDINT_H 1
| #define HAVE_UNISTD_H 1
| #define HAVE_LIMITS_H 1
| #define HAVE_NETINET_IF_ETHER_H 1
| #define HAVE_STRERROR 1
| #define HAVE_STRLCPY 1
| #define HAVE_VSNPRINTF 1
| #define HAVE_SNPRINTF 1
| #define HAVE_ETHER_HOSTTON 1
| /* end confdefs.h.  */
| 
| #include <sys/types.h>
| #include <sys/socket.h>
| #include <netinet/in.h>
| #include <arpa/inet.h>
| struct mbuf;
| struct rtentry;
| #include <net/if.h>
| #include <netinet/if_ether.h>
| 
| 
| int
| main ()
| {
| #ifndef ether_hostton
|   char *p = (char *) ether_hostton;
| #endif
| 
|   ;
|   return 0;
| }
configure:4825: result: no
configure:4859: checking netinet/ether.h usability
configure:4871: gcc -c -g -ggdb3 -fPIC  conftest.c >&5
configure:4877: $? = 0
configure:4881: test -z 
			 || test ! -s conftest.err
configure:4884: $? = 0
configure:4887: test -s conftest.o
configure:4890: $? = 0
configure:4900: result: yes
configure:4904: checking netinet/ether.h presence
configure:4914: gcc -E  conftest.c
configure:4920: $? = 0
configure:4940: result: yes
configure:4975: checking for netinet/ether.h
configure:4982: result: yes
configure:5003: checking whether ether_hostton is declared
configure:5030: gcc -c -g -ggdb3 -fPIC  conftest.c >&5
configure:5036: $? = 0
configure:5040: test -z 
			 || test ! -s conftest.err
configure:5043: $? = 0
configure:5046: test -s conftest.o
configure:5049: $? = 0
configure:5060: result: yes
configure:5171: checking if --disable-protochain option is specified
configure:5191: result: enabled
configure:5205: checking packet capture type
configure:5241: result: linux
configure:5252: checking for getifaddrs
configure:5309: gcc -o conftest -g -ggdb3 -fPIC   conftest.c  >&5
configure:5315: $? = 0
configure:5319: test -z 
			 || test ! -s conftest.err
configure:5322: $? = 0
configure:5325: test -s conftest
configure:5328: $? = 0
configure:5340: result: yes
configure:5358: checking ifaddrs.h usability
configure:5370: gcc -c -g -ggdb3 -fPIC  conftest.c >&5
configure:5376: $? = 0
configure:5380: test -z 
			 || test ! -s conftest.err
configure:5383: $? = 0
configure:5386: test -s conftest.o
configure:5389: $? = 0
configure:5399: result: yes
configure:5403: checking ifaddrs.h presence
configure:5413: gcc -E  conftest.c
configure:5419: $? = 0
configure:5439: result: yes
configure:5474: checking for ifaddrs.h
configure:5481: result: yes
configure:5609: checking if --enable-ipv6 option is specified
configure:5623: result: yes
configure:5626: checking whether to build optimizer debugging code
configure:5640: result: no
configure:5643: checking whether to build parser debugging code
configure:5657: result: no
configure:5846: checking Linux kernel version
configure:5864: result: 6
configure:5876: checking if if_packet.h has tpacket_stats defined
configure:5898: gcc -c -g -ggdb3 -fPIC  conftest.c >&5
configure:5904: $? = 0
configure:5908: test -z 
			 || test ! -s conftest.err
configure:5911: $? = 0
configure:5914: test -s conftest.o
configure:5917: $? = 0
configure:5929: result: yes
configure:5957: checking whether we have /proc/net/dev
configure:5971: result: yes
configure:6052: checking whether we have DAG API headers
configure:6075: result: no (/usr/local/include)
configure:6415: checking whether we have Septel API
configure:6440: result: no
configure:6483: checking for flex
configure:6499: found /usr/bin/flex
configure:6509: result: flex
configure:6523: checking for flex 2.4 or higher
configure:6535: result: yes
configure:6551: checking for bison
configure:6567: found /usr/bin/bison
configure:6577: result: bison
configure:6783: checking for ranlib
configure:6799: found /usr/bin/ranlib
configure:6810: result: ranlib
configure:6864: checking if sockaddr struct has sa_len member
configure:6887: gcc -c -g -ggdb3 -fPIC  conftest.c >&5
conftest.c: In function 'main':
conftest.c:39:40: error: 'struct sockaddr' has no member named 'sa_len'
   39 | u_int i = sizeof(((struct sockaddr *)0)->sa_len)
      |                                        ^~
configure:6893: $? = 1
configure: failed program was:
| /* confdefs.h.  */
| 
| #define PACKAGE_NAME ""
| #define PACKAGE_TARNAME ""
| #define PACKAGE_VERSION ""
| #define PACKAGE_STRING ""
| #define PACKAGE_BUGREPORT ""
| #define inline inline
| #define HAVE___ATTRIBUTE__ 1
| #define HAVE_SYS_TYPES_H 1
| #define HAVE_SYS_STAT_H 1
| #define HAVE_STDLIB_H 1
| #define HAVE_STRING_H 1
| #define HAVE_MEMORY_H 1
| #define HAVE_STRINGS_H 1
| #define HAVE_INTTYPES_H 1
| #define HAVE_STDINT_H 1
| #define HAVE_UNISTD_H 1
| #define HAVE_LIMITS_H 1
| #define HAVE_NETINET_IF_ETHER_H 1
| #define HAVE_STRERROR 1
| #define HAVE_STRLCPY 1
| #define HAVE_VSNPRINTF 1
| #define HAVE_SNPRINTF 1
| #define HAVE_ETHER_HOSTTON 1
| #define HAVE_NETINET_ETHER_H 1
| #define NETINET_ETHER_H_DECLARES_ETHER_HOSTTON
| #define HAVE_DECL_ETHER_HOSTTON 1
| #define INET6 1
| #define HAVE_TPACKET_STATS 1
| #define HAVE_PROC_NET_DEV 1
| /* end confdefs.h.  */
| 
| #	include <sys/types.h>
| #	include <sys/socket.h>
| int
| main ()
| {
| u_int i = sizeof(((struct sockaddr *)0)->sa_len)
|   ;
|   return 0;
| }
configure:6918: result: no
configure:6928: checking if sockaddr_storage struct exists
configure:6951: gcc -c -g -ggdb3 -fPIC  conftest.c >&5
configure:6957: $? = 0
configure:6961: test -z 
			 || test ! -s conftest.err
configure:6964: $? = 0
configure:6967: test -s conftest.o
configure:6970: $? = 0
configure:6982: result: yes
configure:6992: checking if dl_hp_ppa_info_t struct has dl_module_id_1 member
configure:7016: gcc -c -g -ggdb3 -fPIC  conftest.c >&5
conftest.c:36:17: fatal error: sys/dlpi.h: No such file or directory
   36 | #       include <sys/dlpi.h>
      |                 ^~~~~~~~~~~~
compilation terminated.
configure:7022: $? = 1
configure: failed program was:
| /* confdefs.h.  */
| 
| #define PACKAGE_NAME ""
| #define PACKAGE_TARNAME ""
| #define PACKAGE_VERSION ""
| #define PACKAGE_STRING ""
| #define PACKAGE_BUGREPORT ""
| #define inline inline
| #define HAVE___ATTRIBUTE__ 1
| #define HAVE_SYS_TYPES_H 1
| #define HAVE_SYS_STAT_H 1
| #define HAVE_STDLIB_H 1
| #define HAVE_STRING_H 1
| #define HAVE_MEMORY_H 1
| #define HAVE_STRINGS_H 1
| #define HAVE_INTTYPES_H 1
| #define HAVE_STDINT_H 1
| #define HAVE_UNISTD_H 1
| #define HAVE_LIMITS_H 1
| #define HAVE_NETINET_IF_ETHER_H 1
| #define HAVE_STRERROR 1
| #define HAVE_STRLCPY 1
| #define HAVE_VSNPRINTF 1
| #define HAVE_SNPRINTF 1
| #define HAVE_ETHER_HOSTTON 1
| #define HAVE_NETINET_ETHER_H 1
| #define NETINET_ETHER_H_DECLARES_ETHER_HOSTTON
| #define HAVE_DECL_ETHER_HOSTTON 1
| #define INET6 1
| #define HAVE_TPACKET_STATS 1
| #define HAVE_PROC_NET_DEV 1
| #define HAVE_SOCKADDR_STORAGE 1
| /* end confdefs.h.  */
| 
| #	include <sys/types.h>
| #	include <sys/dlpi.h>
| #	include <sys/dlpi_ext.h>
| int
| main ()
| {
| u_int i = sizeof(((dl_hp_ppa_info_t *)0)->dl_module_id_1)
|   ;
|   return 0;
| }
configure:7047: result: no
configure:7057: checking if unaligned accesses fail
configure:7144: result: yes
configure:7192: checking for a BSD-compatible install
configure:7247: result: /usr/bin/install -c
configure:7358: creating ./config.status

## ---------------------- ##
## Running config.status. ##
## ---------------------- ##

This file was extended by config.status, which was
generated by GNU Autoconf 2.59.  Invocation command line was

  CONFIG_FILES    = 
  CONFIG_HEADERS  = 
  CONFIG_LINKS    = 
  CONFIG_COMMANDS = 
  $ ./config.status 

on localhost

config.status:675: creating Makefile
config.status:772: creating config.h
config.status:908: config.h is unchanged

## ---------------- ##
## Cache variables. ##
## ---------------- ##

ac_cv___attribute__=yes
ac_cv_build=x86_64-unknown-linux-gnu
ac_cv_build_alias=x86_64-unknown-linux-gnu
ac_cv_c_compiler_gnu=yes
ac_cv_env_CC_set=
ac_cv_env_CC_value=
ac_cv_env_CFLAGS_set=set
ac_cv_env_CFLAGS_value='-g -ggdb3 -fPIC'
ac_cv_env_CPPFLAGS_set=
ac_cv_env_CPPFLAGS_value=
ac_cv_env_CPP_set=
ac_cv_env_CPP_value=
ac_cv_env_LDFLAGS_set=
ac_cv_env_LDFLAGS_value=
ac_cv_env_build_alias_set=
ac_cv_env_build_alias_value=
ac_cv_env_host_alias_set=
ac_cv_env_host_alias_value=
ac_cv_env_target_alias_set=
ac_cv_env_target_alias_value=
ac_cv_exeext=
ac_cv_func_ether_hostton=yes
ac_cv_func_getifaddrs=yes
ac_cv_func_snprintf=yes
ac_cv_func_strerror=yes
ac_cv_func_strlcpy=yes
ac_cv_func_vsnprintf=yes
ac_cv_have_decl_ether_hostton=yes
ac_cv_header_ifaddrs_h=yes
ac_cv_header_inttypes_h=yes
ac_cv_header_limits_h=yes
ac_cv_header_memory_h=yes
ac_cv_header_netinet_ether_h=yes
ac_cv_header_netinet_if_ether_h=yes
ac_cv_header_stdc=no
ac_cv_header_stdint_h=yes
ac_cv_header_stdlib_h=yes
ac_cv_header_string_h=yes
ac_cv_header_strings_h=yes
ac_cv_header_sys_ioccom_h=no
ac_cv_header_sys_sockio_h=no
ac_cv_header_sys_stat_h=yes
ac_cv_header_sys_types_h=yes
ac_cv_header_unistd_h=yes
ac_cv_host=x86_64-unknown-linux-gnu
ac_cv_host_alias=x86_64-unknown-linux-gnu
ac_cv_lbl_dag_api=no
ac_cv_lbl_dl_hp_ppa_info_t_has_dl_module_id_1=no
ac_cv_lbl_flex_v24=yes
ac_cv_lbl_gcc_fixincludes=yes
ac_cv_lbl_gcc_vers=14
ac_cv_lbl_has_sockaddr_storage=yes
ac_cv_lbl_have_u_int16_t=yes
ac_cv_lbl_have_u_int32_t=yes
ac_cv_lbl_have_u_int8_t=yes
ac_cv_lbl_inline=inline
ac_cv_lbl_proc_net_dev=yes
ac_cv_lbl_septel_api=no
ac_cv_lbl_sockaddr_has_sa_len=no
ac_cv_lbl_tpacket_stats=yes
ac_cv_lbl_unaligned_fail=yes
ac_cv_linux_vers=6
ac_cv_objext=o
ac_cv_path_install='/usr/bin/install -c'
ac_cv_prog_CPP='gcc -E'
ac_cv_prog_V_LEX=flex
ac_cv_prog_V_YACC=bison
ac_cv_prog_ac_ct_CC=gcc
ac_cv_prog_ac_ct_RANLIB=ranlib
ac_cv_prog_cc_g=yes
ac_cv_prog_cc_stdc=
ac_cv_prog_egrep='grep -E'
ac_cv_search_gethostbyname='none required'
ac_cv_search_putmsg=no
ac_cv_search_socket='none required'
ac_cv_target=x86_64-unknown-linux-gnu
ac_cv_target_alias=x86_64-unknown-linux-gnu

## ----------------- ##
## Output variables. ##
## ----------------- ##

CC='gcc'
CFLAGS='-g -ggdb3 -fPIC'
CPP='gcc -E'
CPPFLAGS=''
DEFS='-DHAVE_CONFIG_H'
DYEXT='so'
ECHO_C=''
ECHO_N='-n'
ECHO_T=''
EGREP='grep -E'
EXEEXT=''
INSTALL_DATA='${INSTALL} -m 644'
INSTALL_PROGRAM='${INSTALL}'
INSTALL_SCRIPT='${INSTALL}'
LDFLAGS=''
LIBOBJS=''
LIBS=''
LTLIBOBJS=''
OBJEXT='o'
PACKAGE_BUGREPORT=''
PACKAGE_NAME=''
PACKAGE_STRING=''
PACKAGE_TARNAME=''
PACKAGE_VERSION=''
PATH_SEPARATOR=':'
RANLIB='ranlib'
SHELL='/bin/bash'
SHLICC2=''
SSRC=''
V_CCOPT=' -g -ggdb3 -fPIC'
V_DEFS=' -D_U_="__attribute__((unused))"'
V_FINDALLDEVS='getad'
V_INCLS='-I$(srcdir)'
V_LEX='flex -Ppcap_'
V_LIBS=''
V_PCAP='linux'
V_RANLIB=''
V_YACC='bison -y -p pcap_'
ac_ct_CC='gcc'
ac_ct_RANLIB='ranlib'
bindir='${exec_prefix}/bin'
build='x86_64-unknown-linux-gnu'
build_alias=''
build_cpu='x86_64'
build_os='linux-gnu'
build_vendor='unknown'
datadir='${prefix}/share'
exec_prefix='${prefix}'
host='x86_64-unknown-linux-gnu'
host_alias=''
host_cpu='x86_64'
host_os='linux-gnu'
host_vendor='unknown'
includedir='${prefix}/include'
infodir='${prefix}/info'
libdir='${exec_prefix}/lib'
libexecdir='${exec_prefix}/libexec'
localstatedir='${prefix}/var'
mandir='${prefix}/man'
oldincludedir='/usr/include'
prefix='/usr/local'
program_transform_name='s,x,x,'
sbindir='${exec_prefix}/sbin'
sharedstatedir='${prefix}/com'
sysconfdir='${prefix}/etc'
target='x86_64-unknown-linux-gnu'
target_alias=''
target_cpu='x86_64'
target_os='linux-gnu'
target_vendor='unknown'

## ----------- ##
## confdefs.h. ##
## ----------- ##

#define HAVE_DECL_ETHER_HOSTTON 1
#define HAVE_ETHER_HOSTTON 1
#define HAVE_INTTYPES_H 1
#define HAVE_LIMITS_H 1
#define HAVE_MEMORY_H 1
#define HAVE_NETINET_ETHER_H 1
#define HAVE_NETINET_IF_ETHER_H 1
#define HAVE_PROC_NET_DEV 1
#define HAVE_SNPRINTF 1
#define HAVE_SOCKADDR_STORAGE 1
#define HAVE_STDINT_H 1
#define HAVE_STDLIB_H 1
#define HAVE_STRERROR 1
#define HAVE_STRINGS_H 1
#define HAVE_STRING_H 1
#define HAVE_STRLCPY 1
#define HAVE_SYS_STAT_H 1
#define HAVE_SYS_TYPES_H 1
#define HAVE_TPACKET_STATS 1
#define HAVE_UNISTD_H 1
#define HAVE_VERSION_H 1
#define HAVE_VSNPRINTF 1
#define HAVE___ATTRIBUTE__ 1
#define INET6 1
#define LBL_ALIGN 1
#define NETINET_ETHER_H_DECLARES_ETHER_HOSTTON
#define PACKAGE_BUGREPORT ""
#define PACKAGE_NAME ""
#define PACKAGE_STRING ""
#define PACKAGE_TARNAME ""
#define PACKAGE_VERSION ""
#define inline inline

configure: exit 0
